Flow report for de2_media_computer
Fri Apr 06 20:45:45 2018
Quartus II 64-Bit Version 13.0.1 Build 232 06/12/2013 Service Pack 1 SJ Web Edition


---------------------
; Table of Contents ;
---------------------
  1. Legal Notice
  2. Flow Summary
  3. Flow Settings
  4. Flow Non-Default Global Settings
  5. Flow Elapsed Time
  6. Flow OS Summary
  7. Flow Log
  8. Flow Messages
  9. Flow Suppressed Messages



----------------
; Legal Notice ;
----------------
Copyright (C) 1991-2013 Altera Corporation
Your use of Altera Corporation's design tools, logic functions 
and other software and tools, and its AMPP partner logic 
functions, and any output files from any of the foregoing 
(including device programming or simulation files), and any 
associated documentation or information are expressly subject 
to the terms and conditions of the Altera Program License 
Subscription Agreement, Altera MegaCore Function License 
Agreement, or other applicable license agreement, including, 
without limitation, that your use is for the sole purpose of 
programming logic devices manufactured by Altera and sold by 
Altera or its authorized distributors.  Please refer to the 
applicable agreement for further details.



+--------------------------------------------------------------------------------------+
; Flow Summary                                                                         ;
+------------------------------------+-------------------------------------------------+
; Flow Status                        ; Successful - Fri Apr 06 20:44:52 2018           ;
; Quartus II 64-Bit Version          ; 13.0.1 Build 232 06/12/2013 SP 1 SJ Web Edition ;
; Revision Name                      ; de2_media_computer                              ;
; Top-level Entity Name              ; de2_115_media_computer                          ;
; Family                             ; Cyclone IV E                                    ;
; Device                             ; EP4CE115F29C8                                   ;
; Timing Models                      ; Final                                           ;
; Total logic elements               ; 12,045 / 114,480 ( 11 % )                       ;
;     Total combinational functions  ; 10,782 / 114,480 ( 9 % )                        ;
;     Dedicated logic registers      ; 7,668 / 114,480 ( 7 % )                         ;
; Total registers                    ; 7884                                            ;
; Total pins                         ; 374 / 529 ( 71 % )                              ;
; Total virtual pins                 ; 0                                               ;
; Total memory bits                  ; 137,145 / 3,981,312 ( 3 % )                     ;
; Embedded Multiplier 9-bit elements ; 11 / 532 ( 2 % )                                ;
; Total PLLs                         ; 1 / 4 ( 25 % )                                  ;
+------------------------------------+-------------------------------------------------+


+-----------------------------------------+
; Flow Settings                           ;
+-------------------+---------------------+
; Option            ; Setting             ;
+-------------------+---------------------+
; Start date & time ; 04/06/2018 20:35:36 ;
; Main task         ; Compilation         ;
; Revision Name     ; de2_media_computer  ;
+-------------------+---------------------+


+--------------------------------------------------------------------------------------------------------------------------------------------------------------------------------------------------------------------------+
; Flow Non-Default Global Settings                                                                                                                                                                                         ;
+-------------------------------------+-----------------------------------------------------------------------------------+--------------------+----------------------------------------------------------+----------------+
; Assignment Name                     ; Value                                                                             ; Default Value      ; Entity Name                                              ; Section Id     ;
+-------------------------------------+-----------------------------------------------------------------------------------+--------------------+----------------------------------------------------------+----------------+
; COMPILER_SIGNATURE_ID               ; 143992749136.152301813621716                                                      ; --                 ; --                                                       ; --             ;
; ENABLE_SIGNALTAP                    ; Off                                                                               ; --                 ; --                                                       ; --             ;
; IP_TOOL_ENV                         ; Qsys                                                                              ; --                 ; altera_avalon_sc_fifo                                    ; --             ;
; IP_TOOL_ENV                         ; Qsys                                                                              ; --                 ; altera_customins_master_translator                       ; --             ;
; IP_TOOL_ENV                         ; Qsys                                                                              ; --                 ; altera_customins_slave_translator                        ; --             ;
; IP_TOOL_ENV                         ; Qsys                                                                              ; --                 ; altera_merlin_burst_adapter                              ; --             ;
; IP_TOOL_ENV                         ; Qsys                                                                              ; --                 ; altera_merlin_master_agent                               ; --             ;
; IP_TOOL_ENV                         ; Qsys                                                                              ; --                 ; altera_merlin_master_translator                          ; --             ;
; IP_TOOL_ENV                         ; Qsys                                                                              ; --                 ; altera_merlin_slave_agent                                ; --             ;
; IP_TOOL_ENV                         ; Qsys                                                                              ; --                 ; altera_merlin_slave_translator                           ; --             ;
; IP_TOOL_ENV                         ; Qsys                                                                              ; --                 ; altera_merlin_traffic_limiter                            ; --             ;
; IP_TOOL_ENV                         ; Qsys                                                                              ; --                 ; altera_merlin_width_adapter                              ; --             ;
; IP_TOOL_ENV                         ; Qsys                                                                              ; --                 ; altera_reset_controller                                  ; --             ;
; IP_TOOL_ENV                         ; Qsys                                                                              ; --                 ; fpoint_wrapper                                           ; --             ;
; IP_TOOL_ENV                         ; Qsys                                                                              ; --                 ; nios_system                                              ; --             ;
; IP_TOOL_ENV                         ; Qsys                                                                              ; --                 ; nios_system_CPU                                          ; --             ;
; IP_TOOL_ENV                         ; Qsys                                                                              ; --                 ; nios_system_CPU_custom_instruction_master_multi_xconnect ; --             ;
; IP_TOOL_ENV                         ; Qsys                                                                              ; --                 ; nios_system_Interval_Timer                               ; --             ;
; IP_TOOL_ENV                         ; Qsys                                                                              ; --                 ; nios_system_JTAG_UART                                    ; --             ;
; IP_TOOL_ENV                         ; Qsys                                                                              ; --                 ; nios_system_SDRAM                                        ; --             ;
; IP_TOOL_ENV                         ; Qsys                                                                              ; --                 ; nios_system_addr_router                                  ; --             ;
; IP_TOOL_ENV                         ; Qsys                                                                              ; --                 ; nios_system_addr_router_001                              ; --             ;
; IP_TOOL_ENV                         ; Qsys                                                                              ; --                 ; nios_system_addr_router_002                              ; --             ;
; IP_TOOL_ENV                         ; Qsys                                                                              ; --                 ; nios_system_cmd_xbar_demux                               ; --             ;
; IP_TOOL_ENV                         ; Qsys                                                                              ; --                 ; nios_system_cmd_xbar_demux_001                           ; --             ;
; IP_TOOL_ENV                         ; Qsys                                                                              ; --                 ; nios_system_cmd_xbar_demux_002                           ; --             ;
; IP_TOOL_ENV                         ; Qsys                                                                              ; --                 ; nios_system_cmd_xbar_mux                                 ; --             ;
; IP_TOOL_ENV                         ; Qsys                                                                              ; --                 ; nios_system_cmd_xbar_mux_006                             ; --             ;
; IP_TOOL_ENV                         ; Qsys                                                                              ; --                 ; nios_system_id_router                                    ; --             ;
; IP_TOOL_ENV                         ; Qsys                                                                              ; --                 ; nios_system_id_router_002                                ; --             ;
; IP_TOOL_ENV                         ; Qsys                                                                              ; --                 ; nios_system_id_router_005                                ; --             ;
; IP_TOOL_ENV                         ; Qsys                                                                              ; --                 ; nios_system_id_router_006                                ; --             ;
; IP_TOOL_ENV                         ; Qsys                                                                              ; --                 ; nios_system_irq_mapper                                   ; --             ;
; IP_TOOL_ENV                         ; Qsys                                                                              ; --                 ; nios_system_rsp_xbar_demux                               ; --             ;
; IP_TOOL_ENV                         ; Qsys                                                                              ; --                 ; nios_system_rsp_xbar_demux_002                           ; --             ;
; IP_TOOL_ENV                         ; Qsys                                                                              ; --                 ; nios_system_rsp_xbar_demux_005                           ; --             ;
; IP_TOOL_ENV                         ; Qsys                                                                              ; --                 ; nios_system_rsp_xbar_demux_006                           ; --             ;
; IP_TOOL_ENV                         ; Qsys                                                                              ; --                 ; nios_system_rsp_xbar_mux                                 ; --             ;
; IP_TOOL_ENV                         ; Qsys                                                                              ; --                 ; nios_system_rsp_xbar_mux_001                             ; --             ;
; IP_TOOL_ENV                         ; Qsys                                                                              ; --                 ; nios_system_sysid                                        ; --             ;
; IP_TOOL_NAME                        ; altera_avalon_sc_fifo                                                             ; --                 ; altera_avalon_sc_fifo                                    ; --             ;
; IP_TOOL_NAME                        ; altera_customins_master_translator                                                ; --                 ; altera_customins_master_translator                       ; --             ;
; IP_TOOL_NAME                        ; altera_customins_slave_translator                                                 ; --                 ; altera_customins_slave_translator                        ; --             ;
; IP_TOOL_NAME                        ; altera_merlin_burst_adapter                                                       ; --                 ; altera_merlin_burst_adapter                              ; --             ;
; IP_TOOL_NAME                        ; altera_merlin_master_agent                                                        ; --                 ; altera_merlin_master_agent                               ; --             ;
; IP_TOOL_NAME                        ; altera_merlin_master_translator                                                   ; --                 ; altera_merlin_master_translator                          ; --             ;
; IP_TOOL_NAME                        ; altera_merlin_slave_agent                                                         ; --                 ; altera_merlin_slave_agent                                ; --             ;
; IP_TOOL_NAME                        ; altera_merlin_slave_translator                                                    ; --                 ; altera_merlin_slave_translator                           ; --             ;
; IP_TOOL_NAME                        ; altera_merlin_traffic_limiter                                                     ; --                 ; altera_merlin_traffic_limiter                            ; --             ;
; IP_TOOL_NAME                        ; altera_merlin_width_adapter                                                       ; --                 ; altera_merlin_width_adapter                              ; --             ;
; IP_TOOL_NAME                        ; altera_reset_controller                                                           ; --                 ; altera_reset_controller                                  ; --             ;
; IP_TOOL_NAME                        ; altera_nios_custom_instr_floating_point                                           ; --                 ; fpoint_wrapper                                           ; --             ;
; IP_TOOL_NAME                        ; Qsys                                                                              ; --                 ; nios_system                                              ; --             ;
; IP_TOOL_NAME                        ; altera_nios2_qsys                                                                 ; --                 ; nios_system_CPU                                          ; --             ;
; IP_TOOL_NAME                        ; altera_customins_xconnect                                                         ; --                 ; nios_system_CPU_custom_instruction_master_multi_xconnect ; --             ;
; IP_TOOL_NAME                        ; altera_avalon_timer                                                               ; --                 ; nios_system_Interval_Timer                               ; --             ;
; IP_TOOL_NAME                        ; altera_avalon_jtag_uart                                                           ; --                 ; nios_system_JTAG_UART                                    ; --             ;
; IP_TOOL_NAME                        ; altera_avalon_new_sdram_controller                                                ; --                 ; nios_system_SDRAM                                        ; --             ;
; IP_TOOL_NAME                        ; altera_merlin_router                                                              ; --                 ; nios_system_addr_router                                  ; --             ;
; IP_TOOL_NAME                        ; altera_merlin_router                                                              ; --                 ; nios_system_addr_router_001                              ; --             ;
; IP_TOOL_NAME                        ; altera_merlin_router                                                              ; --                 ; nios_system_addr_router_002                              ; --             ;
; IP_TOOL_NAME                        ; altera_merlin_demultiplexer                                                       ; --                 ; nios_system_cmd_xbar_demux                               ; --             ;
; IP_TOOL_NAME                        ; altera_merlin_demultiplexer                                                       ; --                 ; nios_system_cmd_xbar_demux_001                           ; --             ;
; IP_TOOL_NAME                        ; altera_merlin_demultiplexer                                                       ; --                 ; nios_system_cmd_xbar_demux_002                           ; --             ;
; IP_TOOL_NAME                        ; altera_merlin_multiplexer                                                         ; --                 ; nios_system_cmd_xbar_mux                                 ; --             ;
; IP_TOOL_NAME                        ; altera_merlin_multiplexer                                                         ; --                 ; nios_system_cmd_xbar_mux_006                             ; --             ;
; IP_TOOL_NAME                        ; altera_merlin_router                                                              ; --                 ; nios_system_id_router                                    ; --             ;
; IP_TOOL_NAME                        ; altera_merlin_router                                                              ; --                 ; nios_system_id_router_002                                ; --             ;
; IP_TOOL_NAME                        ; altera_merlin_router                                                              ; --                 ; nios_system_id_router_005                                ; --             ;
; IP_TOOL_NAME                        ; altera_merlin_router                                                              ; --                 ; nios_system_id_router_006                                ; --             ;
; IP_TOOL_NAME                        ; altera_irq_mapper                                                                 ; --                 ; nios_system_irq_mapper                                   ; --             ;
; IP_TOOL_NAME                        ; altera_merlin_demultiplexer                                                       ; --                 ; nios_system_rsp_xbar_demux                               ; --             ;
; IP_TOOL_NAME                        ; altera_merlin_demultiplexer                                                       ; --                 ; nios_system_rsp_xbar_demux_002                           ; --             ;
; IP_TOOL_NAME                        ; altera_merlin_demultiplexer                                                       ; --                 ; nios_system_rsp_xbar_demux_005                           ; --             ;
; IP_TOOL_NAME                        ; altera_merlin_demultiplexer                                                       ; --                 ; nios_system_rsp_xbar_demux_006                           ; --             ;
; IP_TOOL_NAME                        ; altera_merlin_multiplexer                                                         ; --                 ; nios_system_rsp_xbar_mux                                 ; --             ;
; IP_TOOL_NAME                        ; altera_merlin_multiplexer                                                         ; --                 ; nios_system_rsp_xbar_mux_001                             ; --             ;
; IP_TOOL_NAME                        ; altera_avalon_sysid_qsys                                                          ; --                 ; nios_system_sysid                                        ; --             ;
; IP_TOOL_VERSION                     ; 13.0                                                                              ; --                 ; altera_avalon_sc_fifo                                    ; --             ;
; IP_TOOL_VERSION                     ; 13.0                                                                              ; --                 ; altera_customins_master_translator                       ; --             ;
; IP_TOOL_VERSION                     ; 13.0                                                                              ; --                 ; altera_customins_slave_translator                        ; --             ;
; IP_TOOL_VERSION                     ; 13.0                                                                              ; --                 ; altera_merlin_burst_adapter                              ; --             ;
; IP_TOOL_VERSION                     ; 13.0                                                                              ; --                 ; altera_merlin_master_agent                               ; --             ;
; IP_TOOL_VERSION                     ; 13.0                                                                              ; --                 ; altera_merlin_master_translator                          ; --             ;
; IP_TOOL_VERSION                     ; 13.0                                                                              ; --                 ; altera_merlin_slave_agent                                ; --             ;
; IP_TOOL_VERSION                     ; 13.0                                                                              ; --                 ; altera_merlin_slave_translator                           ; --             ;
; IP_TOOL_VERSION                     ; 13.0                                                                              ; --                 ; altera_merlin_traffic_limiter                            ; --             ;
; IP_TOOL_VERSION                     ; 13.0                                                                              ; --                 ; altera_merlin_width_adapter                              ; --             ;
; IP_TOOL_VERSION                     ; 13.0                                                                              ; --                 ; altera_reset_controller                                  ; --             ;
; IP_TOOL_VERSION                     ; 13.0                                                                              ; --                 ; fpoint_wrapper                                           ; --             ;
; IP_TOOL_VERSION                     ; 13.0sp1                                                                           ; --                 ; nios_system                                              ; --             ;
; IP_TOOL_VERSION                     ; 13.0                                                                              ; --                 ; nios_system_CPU                                          ; --             ;
; IP_TOOL_VERSION                     ; 13.0                                                                              ; --                 ; nios_system_CPU_custom_instruction_master_multi_xconnect ; --             ;
; IP_TOOL_VERSION                     ; 13.0.1.99.2                                                                       ; --                 ; nios_system_Interval_Timer                               ; --             ;
; IP_TOOL_VERSION                     ; 13.0.1.99.2                                                                       ; --                 ; nios_system_JTAG_UART                                    ; --             ;
; IP_TOOL_VERSION                     ; 13.0.1.99.2                                                                       ; --                 ; nios_system_SDRAM                                        ; --             ;
; IP_TOOL_VERSION                     ; 13.0                                                                              ; --                 ; nios_system_addr_router                                  ; --             ;
; IP_TOOL_VERSION                     ; 13.0                                                                              ; --                 ; nios_system_addr_router_001                              ; --             ;
; IP_TOOL_VERSION                     ; 13.0                                                                              ; --                 ; nios_system_addr_router_002                              ; --             ;
; IP_TOOL_VERSION                     ; 13.0                                                                              ; --                 ; nios_system_cmd_xbar_demux                               ; --             ;
; IP_TOOL_VERSION                     ; 13.0                                                                              ; --                 ; nios_system_cmd_xbar_demux_001                           ; --             ;
; IP_TOOL_VERSION                     ; 13.0                                                                              ; --                 ; nios_system_cmd_xbar_demux_002                           ; --             ;
; IP_TOOL_VERSION                     ; 13.0                                                                              ; --                 ; nios_system_cmd_xbar_mux                                 ; --             ;
; IP_TOOL_VERSION                     ; 13.0                                                                              ; --                 ; nios_system_cmd_xbar_mux_006                             ; --             ;
; IP_TOOL_VERSION                     ; 13.0                                                                              ; --                 ; nios_system_id_router                                    ; --             ;
; IP_TOOL_VERSION                     ; 13.0                                                                              ; --                 ; nios_system_id_router_002                                ; --             ;
; IP_TOOL_VERSION                     ; 13.0                                                                              ; --                 ; nios_system_id_router_005                                ; --             ;
; IP_TOOL_VERSION                     ; 13.0                                                                              ; --                 ; nios_system_id_router_006                                ; --             ;
; IP_TOOL_VERSION                     ; 13.0                                                                              ; --                 ; nios_system_irq_mapper                                   ; --             ;
; IP_TOOL_VERSION                     ; 13.0                                                                              ; --                 ; nios_system_rsp_xbar_demux                               ; --             ;
; IP_TOOL_VERSION                     ; 13.0                                                                              ; --                 ; nios_system_rsp_xbar_demux_002                           ; --             ;
; IP_TOOL_VERSION                     ; 13.0                                                                              ; --                 ; nios_system_rsp_xbar_demux_005                           ; --             ;
; IP_TOOL_VERSION                     ; 13.0                                                                              ; --                 ; nios_system_rsp_xbar_demux_006                           ; --             ;
; IP_TOOL_VERSION                     ; 13.0                                                                              ; --                 ; nios_system_rsp_xbar_mux                                 ; --             ;
; IP_TOOL_VERSION                     ; 13.0                                                                              ; --                 ; nios_system_rsp_xbar_mux_001                             ; --             ;
; IP_TOOL_VERSION                     ; 13.0                                                                              ; --                 ; nios_system_sysid                                        ; --             ;
; MAX_CORE_JUNCTION_TEMP              ; 85                                                                                ; --                 ; --                                                       ; --             ;
; MIN_CORE_JUNCTION_TEMP              ; 0                                                                                 ; --                 ; --                                                       ; --             ;
; MISC_FILE                           ; nios_system/synthesis/../../nios_system.cmp                                       ; --                 ; --                                                       ; --             ;
; MISC_FILE                           ; nios_system/synthesis/../../nios_system.qsys                                      ; --                 ; --                                                       ; --             ;
; PARTITION_COLOR                     ; 16764057                                                                          ; --                 ; de2_115_media_computer                                   ; Top            ;
; PARTITION_FITTER_PRESERVATION_LEVEL ; PLACEMENT_AND_ROUTING                                                             ; --                 ; de2_115_media_computer                                   ; Top            ;
; PARTITION_NETLIST_TYPE              ; SOURCE                                                                            ; --                 ; de2_115_media_computer                                   ; Top            ;
; POWER_BOARD_THERMAL_MODEL           ; None (CONSERVATIVE)                                                               ; --                 ; --                                                       ; --             ;
; POWER_PRESET_COOLING_SOLUTION       ; 23 MM HEAT SINK WITH 200 LFPM AIRFLOW                                             ; --                 ; --                                                       ; --             ;
; SLD_FILE                            ; U:/Computer_Systems/DE2-115/DE2-115_Media_Computer/verilog/stp1_auto_stripped.stp ; --                 ; --                                                       ; --             ;
; SLD_INFO                            ; QSYS_NAME nios_system HAS_SOPCINFO 1 GENERATION_ID 1523017966                     ; --                 ; nios_system                                              ; --             ;
; SOPCINFO_FILE                       ; nios_system/synthesis/../../nios_system.sopcinfo                                  ; --                 ; --                                                       ; --             ;
; SYNTHESIS_ONLY_QIP                  ; On                                                                                ; --                 ; --                                                       ; --             ;
; TOP_LEVEL_ENTITY                    ; de2_115_media_computer                                                            ; de2_media_computer ; --                                                       ; --             ;
; USE_GENERATED_PHYSICAL_CONSTRAINTS  ; Off                                                                               ; --                 ; --                                                       ; eda_blast_fpga ;
; USE_SIGNALTAP_FILE                  ; stp1.stp                                                                          ; --                 ; --                                                       ; --             ;
+-------------------------------------+-----------------------------------------------------------------------------------+--------------------+----------------------------------------------------------+----------------+


+-------------------------------------------------------------------------------------------------------------------------------+
; Flow Elapsed Time                                                                                                             ;
+---------------------------+--------------+-------------------------+---------------------+------------------------------------+
; Module Name               ; Elapsed Time ; Average Processors Used ; Peak Virtual Memory ; Total CPU Time (on all processors) ;
+---------------------------+--------------+-------------------------+---------------------+------------------------------------+
; Analysis & Synthesis      ; 00:04:41     ; 1.0                     ; 909 MB              ; 00:03:23                           ;
; Fitter                    ; 00:03:41     ; 1.3                     ; 1358 MB             ; 00:04:14                           ;
; Assembler                 ; 00:00:22     ; 1.0                     ; 571 MB              ; 00:00:21                           ;
; TimeQuest Timing Analyzer ; 00:00:48     ; 1.2                     ; 842 MB              ; 00:00:47                           ;
; Total                     ; 00:09:32     ; --                      ; --                  ; 00:08:45                           ;
+---------------------------+--------------+-------------------------+---------------------+------------------------------------+


+----------------------------------------------------------------------------------------+
; Flow OS Summary                                                                        ;
+---------------------------+------------------+-----------+------------+----------------+
; Module Name               ; Machine Hostname ; OS Name   ; OS Version ; Processor type ;
+---------------------------+------------------+-----------+------------+----------------+
; Analysis & Synthesis      ; stephen-T400     ; Windows 7 ; 6.2        ; x86_64         ;
; Fitter                    ; stephen-T400     ; Windows 7 ; 6.2        ; x86_64         ;
; Assembler                 ; stephen-T400     ; Windows 7 ; 6.2        ; x86_64         ;
; TimeQuest Timing Analyzer ; stephen-T400     ; Windows 7 ; 6.2        ; x86_64         ;
+---------------------------+------------------+-----------+------------+----------------+


------------
; Flow Log ;
------------
quartus_map --read_settings_files=on --write_settings_files=off de2_115_media_computer -c de2_media_computer
quartus_fit --read_settings_files=off --write_settings_files=off de2_115_media_computer -c de2_media_computer
quartus_asm --read_settings_files=off --write_settings_files=off de2_115_media_computer -c de2_media_computer
quartus_sta de2_115_media_computer -c de2_media_computer



