Info: Starting: Create HDL design files for synthesis
Info: ip-generate --project-directory=D:/MyDocs/altera/de2_115_media_computer_13.0/ --output-directory=D:/MyDocs/altera/de2_115_media_computer_13.0/nios_system/synthesis/ --file-set=QUARTUS_SYNTH --report-file=sopcinfo:D:/MyDocs/altera/de2_115_media_computer_13.0/nios_system.sopcinfo --report-file=html:D:/MyDocs/altera/de2_115_media_computer_13.0/nios_system.html --report-file=qip:D:/MyDocs/altera/de2_115_media_computer_13.0/nios_system/synthesis/nios_system.qip --report-file=cmp:D:/MyDocs/altera/de2_115_media_computer_13.0/nios_system.cmp --report-file=svd --system-info=DEVICE_FAMILY="Cyclone IV E" --system-info=DEVICE=EP4CE115F29C8 --system-info=DEVICE_SPEEDGRADE=8 --component-file=D:/MyDocs/altera/de2_115_media_computer_13.0/nios_system.qsys --language=VERILOG
Progress: Loading de2_115_media_computer_13.0/nios_system.qsys
Progress: Reading input file
Progress: Adding clk_50 [clock_source 13.0]
Progress: Parameterizing module clk_50
Progress: Adding JTAG_UART [altera_avalon_jtag_uart 13.0.1.99.2]
Progress: Parameterizing module JTAG_UART
Progress: Adding Interval_Timer [altera_avalon_timer 13.0.1.99.2]
Progress: Parameterizing module Interval_Timer
Progress: Adding SDRAM [altera_avalon_new_sdram_controller 13.0.1.99.2]
Progress: Parameterizing module SDRAM
Progress: Adding Char_LCD_16x2 [altera_up_avalon_character_lcd 13.0]
Progress: Parameterizing module Char_LCD_16x2
Progress: Adding SRAM [altera_up_avalon_sram 13.0]
Progress: Parameterizing module SRAM
Progress: Adding VGA_Pixel_Buffer [altera_up_avalon_video_pixel_buffer_dma 13.0]
Progress: Parameterizing module VGA_Pixel_Buffer
Progress: Adding VGA_Char_Buffer [altera_up_avalon_video_character_buffer_with_dma 13.0]
Progress: Parameterizing module VGA_Char_Buffer
Progress: Adding VGA_Controller [altera_up_avalon_video_vga_controller 13.0]
Progress: Parameterizing module VGA_Controller
Progress: Adding VGA_Pixel_RGB_Resampler [altera_up_avalon_video_rgb_resampler 13.0]
Progress: Parameterizing module VGA_Pixel_RGB_Resampler
Progress: Adding VGA_Pixel_Scaler [altera_up_avalon_video_scaler 13.0]
Progress: Parameterizing module VGA_Pixel_Scaler
Progress: Adding VGA_Dual_Clock_FIFO [altera_up_avalon_video_dual_clock_buffer 13.0]
Progress: Parameterizing module VGA_Dual_Clock_FIFO
Progress: Adding CPU_fpoint [altera_nios_custom_instr_floating_point 13.0]
Progress: Parameterizing module CPU_fpoint
Progress: Adding Alpha_Blending [altera_up_avalon_video_alpha_blender 13.0]
Progress: Parameterizing module Alpha_Blending
Progress: Adding CPU [altera_nios2_qsys 13.0]
Progress: Parameterizing module CPU
Progress: Adding sysid [altera_avalon_sysid_qsys 13.0]
Progress: Parameterizing module sysid
Progress: Adding merged_resets [altera_reset_bridge 13.0]
Progress: Parameterizing module merged_resets
Progress: Adding sys_clk [altera_clock_bridge 13.0]
Progress: Parameterizing module sys_clk
Progress: Adding vga_clk [altera_clock_bridge 13.0]
Progress: Parameterizing module vga_clk
Progress: Adding External_Clocks [altera_up_clocks 13.0]
Progress: Parameterizing module External_Clocks
Progress: Building connections
Progress: Parameterizing connections
Progress: Validating
Progress: Done reading input file
Info: nios_system.VGA_Char_Buffer: Character Resolution: 80 x 60
Info: nios_system.VGA_Controller: Video Output Stream: Format: 640 x 480 with Color: 10 (bits) x 3 (planes)
Info: nios_system.VGA_Pixel_RGB_Resampler: RGB Resampling: 16 (bits) x 1 (planes) -> 10 (bits) x 3 (planes)
Info: nios_system.VGA_Pixel_Scaler: Change in Resolution: 320 x 240 -> 640 x 480
Info: nios_system.sysid: System ID is not assigned automatically. Edit the System ID parameter to provide a unique ID
Info: nios_system.sysid: Time stamp will be automatically updated when this component is generated.
Info: nios_system: Generating nios_system "nios_system" for QUARTUS_SYNTH
Info: pipeline_bridge_swap_transform: After transform: 20 modules, 74 connections
Info: merlin_custom_instruction_transform: After transform: 23 modules, 77 connections
Info: merlin_translator_transform: After transform: 36 modules, 129 connections
Info: merlin_domain_transform: After transform: 61 modules, 297 connections
Info: merlin_router_transform: After transform: 74 modules, 349 connections
Info: merlin_traffic_limiter_transform: After transform: 75 modules, 354 connections
Info: merlin_burst_transform: After transform: 78 modules, 366 connections
Info: reset_adaptation_transform: After transform: 81 modules, 292 connections
Info: merlin_network_to_switch_transform: After transform: 106 modules, 344 connections
Info: merlin_width_transform: After transform: 112 modules, 362 connections
Info: limiter_update_transform: After transform: 112 modules, 363 connections
Info: merlin_mm_transform: After transform: 112 modules, 363 connections
Info: merlin_interrupt_mapper_transform: After transform: 113 modules, 366 connections
Warning: nios_system: "No matching role found for CPU_custom_instruction_master_translator:ci_slave:ci_slave_result (result)"
Warning: nios_system: "No matching role found for CPU_custom_instruction_master_multi_xconnect:ci_slave:ci_slave_ipending (ipending)"
Warning: nios_system: "No matching role found for CPU_custom_instruction_master_multi_xconnect:ci_slave:ci_slave_estatus (estatus)"
Info: JTAG_UART: Starting RTL generation for module 'nios_system_JTAG_UART'
Info: JTAG_UART:   Generation command is [exec C:/altera/quartus/bin/perl/bin/perl.exe -I C:/altera/quartus/common/ip/altera/common/perl/5.8.3 -I C:/altera/quartus/sopc_builder/bin/europa -I C:/altera/quartus/sopc_builder/bin/perl_lib -I C:/altera/quartus/sopc_builder/bin -I C:/altera/quartus/../ip/altera/sopc_builder_ip/common -I C:/altera/quartus/../ip/altera/sopc_builder_ip/altera_avalon_jtag_uart -- C:/altera/quartus/../ip/altera/sopc_builder_ip/altera_avalon_jtag_uart/generate_rtl.pl --name=nios_system_JTAG_UART --dir=C:/Users/stephen/AppData/Local/Temp/alt7627_5886901853053760931.dir/0006_JTAG_UART_gen/ --quartus_dir=C:/altera/quartus --verilog --config=C:/Users/stephen/AppData/Local/Temp/alt7627_5886901853053760931.dir/0006_JTAG_UART_gen//nios_system_JTAG_UART_component_configuration.pl  --do_build_sim=0  ]
Info: JTAG_UART: Done RTL generation for module 'nios_system_JTAG_UART'
Info: JTAG_UART: "nios_system" instantiated altera_avalon_jtag_uart "JTAG_UART"
Info: Interval_Timer: Starting RTL generation for module 'nios_system_Interval_Timer'
Info: Interval_Timer:   Generation command is [exec C:/altera/quartus/bin/perl/bin/perl.exe -I C:/altera/quartus/common/ip/altera/common/perl/5.8.3 -I C:/altera/quartus/sopc_builder/bin/europa -I C:/altera/quartus/sopc_builder/bin/perl_lib -I C:/altera/quartus/sopc_builder/bin -I C:/altera/quartus/../ip/altera/sopc_builder_ip/common -I C:/altera/quartus/../ip/altera/sopc_builder_ip/altera_avalon_timer -- C:/altera/quartus/../ip/altera/sopc_builder_ip/altera_avalon_timer/generate_rtl.pl --name=nios_system_Interval_Timer --dir=C:/Users/stephen/AppData/Local/Temp/alt7627_5886901853053760931.dir/0007_Interval_Timer_gen/ --quartus_dir=C:/altera/quartus --verilog --config=C:/Users/stephen/AppData/Local/Temp/alt7627_5886901853053760931.dir/0007_Interval_Timer_gen//nios_system_Interval_Timer_component_configuration.pl  --do_build_sim=0  ]
Info: Interval_Timer: Done RTL generation for module 'nios_system_Interval_Timer'
Info: Interval_Timer: "nios_system" instantiated altera_avalon_timer "Interval_Timer"
Info: SDRAM: Starting RTL generation for module 'nios_system_SDRAM'
Info: SDRAM:   Generation command is [exec C:/altera/quartus/bin/perl/bin/perl.exe -I C:/altera/quartus/common/ip/altera/common/perl/5.8.3 -I C:/altera/quartus/sopc_builder/bin/europa -I C:/altera/quartus/sopc_builder/bin/perl_lib -I C:/altera/quartus/sopc_builder/bin -I C:/altera/quartus/../ip/altera/sopc_builder_ip/common -I C:/altera/quartus/../ip/altera/sopc_builder_ip/altera_avalon_new_sdram_controller -- C:/altera/quartus/../ip/altera/sopc_builder_ip/altera_avalon_new_sdram_controller/generate_rtl.pl --name=nios_system_SDRAM --dir=C:/Users/stephen/AppData/Local/Temp/alt7627_5886901853053760931.dir/0008_SDRAM_gen/ --quartus_dir=C:/altera/quartus --verilog --config=C:/Users/stephen/AppData/Local/Temp/alt7627_5886901853053760931.dir/0008_SDRAM_gen//nios_system_SDRAM_component_configuration.pl  --do_build_sim=0  ]
Info: SDRAM: Done RTL generation for module 'nios_system_SDRAM'
Info: SDRAM: "nios_system" instantiated altera_avalon_new_sdram_controller "SDRAM"
Info: Char_LCD_16x2: Starting Generation of Character LCD
Info: Char_LCD_16x2: "nios_system" instantiated altera_up_avalon_character_lcd "Char_LCD_16x2"
Info: SRAM: Starting Generation of SRAM or SSRAM Controller
Info: SRAM: "nios_system" instantiated altera_up_avalon_sram "SRAM"
Info: VGA_Pixel_Buffer: Starting Generation of VGA Pixel Buffer
Info: VGA_Pixel_Buffer: "nios_system" instantiated altera_up_avalon_video_pixel_buffer_dma "VGA_Pixel_Buffer"
Info: VGA_Char_Buffer: Starting Generation of Character Buffer
Info: VGA_Char_Buffer: "nios_system" instantiated altera_up_avalon_video_character_buffer_with_dma "VGA_Char_Buffer"
Info: VGA_Controller: Starting Generation of VGA Controller
Info: VGA_Controller: "nios_system" instantiated altera_up_avalon_video_vga_controller "VGA_Controller"
Info: VGA_Pixel_RGB_Resampler: Starting Generation of Video RGB Resampler
Info: VGA_Pixel_RGB_Resampler: "nios_system" instantiated altera_up_avalon_video_rgb_resampler "VGA_Pixel_RGB_Resampler"
Info: VGA_Pixel_Scaler: Starting Generation of Video Scaler
Info: VGA_Pixel_Scaler: "nios_system" instantiated altera_up_avalon_video_scaler "VGA_Pixel_Scaler"
Info: VGA_Dual_Clock_FIFO: Starting Generation of the Dual Clock Buffer
Info: VGA_Dual_Clock_FIFO: "nios_system" instantiated altera_up_avalon_video_dual_clock_buffer "VGA_Dual_Clock_FIFO"
Info: CPU_fpoint: "nios_system" instantiated altera_nios_custom_instr_floating_point "CPU_fpoint"
Info: Alpha_Blending: Starting Generation of the Alpha Blender
Info: Alpha_Blending: "nios_system" instantiated altera_up_avalon_video_alpha_blender "Alpha_Blending"
Info: CPU: Starting RTL generation for module 'nios_system_CPU'
Info: CPU:   Generation command is [exec C:/altera/quartus/../ip/altera/nios2_ip/altera_nios2/eperl.exe -I C:/altera/quartus/common/ip/altera/common/perl/5.8.3 -I C:/altera/quartus/sopc_builder/bin/europa -I C:/altera/quartus/sopc_builder/bin/perl_lib -I C:/altera/quartus/sopc_builder/bin -I C:/altera/quartus/../ip/altera/nios2_ip/altera_nios2/cpu_lib -I C:/altera/quartus/../ip/altera/nios2_ip/altera_nios2/nios_lib -I C:/altera/quartus/../ip/altera/nios2_ip/altera_nios2 -I C:/altera/quartus/../ip/altera/nios2_ip/altera_nios2 -- C:/altera/quartus/../ip/altera/nios2_ip/altera_nios2/generate_rtl.epl --name=nios_system_CPU --dir=C:/Users/stephen/AppData/Local/Temp/alt7627_5886901853053760931.dir/0018_CPU_gen/ --quartus_dir=C:/altera/quartus --verilog --config=C:/Users/stephen/AppData/Local/Temp/alt7627_5886901853053760931.dir/0018_CPU_gen//nios_system_CPU_processor_configuration.pl  --do_build_sim=0    --bogus  ]
Info: CPU: # 2018.04.06 11:45:13 (*) Starting Nios II generation
Info: CPU: # 2018.04.06 11:45:13 (*)   Checking for plaintext license.
Info: CPU: # 2018.04.06 11:45:19 (*)   Couldn't query license setup in Quartus directory C:/altera/quartus
Info: CPU: # 2018.04.06 11:45:19 (*)   Defaulting to contents of LM_LICENSE_FILE environment variable
Info: CPU: # 2018.04.06 11:45:21 (*)   Plaintext license not found.
Info: CPU: # 2018.04.06 11:45:21 (*)   Checking for encrypted license (non-evaluation).
Info: CPU: # 2018.04.06 11:45:28 (*)   Couldn't query license setup in Quartus directory C:/altera/quartus
Info: CPU: # 2018.04.06 11:45:28 (*)   Defaulting to contents of LM_LICENSE_FILE environment variable
Info: CPU: # 2018.04.06 11:45:30 (*)   Encrypted license not found.  Defaulting to OCP evaluation license (produces a time-limited SOF)
Info: CPU: # 2018.04.06 11:45:30 (*)   Elaborating CPU configuration settings
Info: CPU: # 2018.04.06 11:45:30 (*)   Creating all objects for CPU
Info: CPU: # 2018.04.06 11:45:30 (*)     Testbench
Info: CPU: # 2018.04.06 11:45:30 (*)     Instruction decoding
Info: CPU: # 2018.04.06 11:45:30 (*)       Instruction fields
Info: CPU: # 2018.04.06 11:45:30 (*)       Instruction decodes
Info: CPU: # 2018.04.06 11:45:32 (*)       Signals for RTL simulation waveforms
Info: CPU: # 2018.04.06 11:45:32 (*)       Instruction controls
Info: CPU: # 2018.04.06 11:45:32 (*)     Pipeline frontend
Info: CPU: # 2018.04.06 11:45:33 (*)     Pipeline backend
Info: CPU: # 2018.04.06 11:45:39 (*)   Generating RTL from CPU objects
Info: CPU: # 2018.04.06 11:45:48 (*)   Creating encrypted RTL
Info: CPU: # 2018.04.06 11:45:51 (*) Done Nios II generation
Info: CPU: Done RTL generation for module 'nios_system_CPU'
Info: CPU: "nios_system" instantiated altera_nios2_qsys "CPU"
Info: sysid: "nios_system" instantiated altera_avalon_sysid_qsys "sysid"
Info: External_Clocks: Starting Generation of Required Clocks for DE-Series Boards
Info: External_Clocks: "nios_system" instantiated altera_up_clocks "External_Clocks"
Info: CPU_custom_instruction_master_translator: "nios_system" instantiated altera_customins_master_translator "CPU_custom_instruction_master_translator"
Info: CPU_custom_instruction_master_multi_xconnect: "nios_system" instantiated altera_customins_xconnect "CPU_custom_instruction_master_multi_xconnect"
Info: CPU_custom_instruction_master_multi_slave_translator0: "nios_system" instantiated altera_customins_slave_translator "CPU_custom_instruction_master_multi_slave_translator0"
Info: CPU_instruction_master_translator: "nios_system" instantiated altera_merlin_master_translator "CPU_instruction_master_translator"
Info: CPU_jtag_debug_module_translator: "nios_system" instantiated altera_merlin_slave_translator "CPU_jtag_debug_module_translator"
Info: CPU_instruction_master_translator_avalon_universal_master_0_agent: "nios_system" instantiated altera_merlin_master_agent "CPU_instruction_master_translator_avalon_universal_master_0_agent"
Info: CPU_jtag_debug_module_translator_avalon_universal_slave_0_agent: "nios_system" instantiated altera_merlin_slave_agent "CPU_jtag_debug_module_translator_avalon_universal_slave_0_agent"
Info: CPU_jtag_debug_module_translator_avalon_universal_slave_0_agent_rsp_fifo: "nios_system" instantiated altera_avalon_sc_fifo "CPU_jtag_debug_module_translator_avalon_universal_slave_0_agent_rsp_fifo"
Info: addr_router: "nios_system" instantiated altera_merlin_router "addr_router"
Info: addr_router_001: "nios_system" instantiated altera_merlin_router "addr_router_001"
Info: addr_router_002: "nios_system" instantiated altera_merlin_router "addr_router_002"
Info: id_router: "nios_system" instantiated altera_merlin_router "id_router"
Info: id_router_002: "nios_system" instantiated altera_merlin_router "id_router_002"
Info: id_router_005: "nios_system" instantiated altera_merlin_router "id_router_005"
Info: id_router_006: "nios_system" instantiated altera_merlin_router "id_router_006"
Info: limiter: "nios_system" instantiated altera_merlin_traffic_limiter "limiter"
Info: burst_adapter: "nios_system" instantiated altera_merlin_burst_adapter "burst_adapter"
Info: rst_controller: "nios_system" instantiated altera_reset_controller "rst_controller"
Info: cmd_xbar_demux: "nios_system" instantiated altera_merlin_demultiplexer "cmd_xbar_demux"
Info: cmd_xbar_demux_001: "nios_system" instantiated altera_merlin_demultiplexer "cmd_xbar_demux_001"
Info: cmd_xbar_demux_002: "nios_system" instantiated altera_merlin_demultiplexer "cmd_xbar_demux_002"
Info: cmd_xbar_mux: "nios_system" instantiated altera_merlin_multiplexer "cmd_xbar_mux"
Info: cmd_xbar_mux_006: "nios_system" instantiated altera_merlin_multiplexer "cmd_xbar_mux_006"
Info: Reusing file D:/MyDocs/altera/de2_115_media_computer_13.0/nios_system/synthesis/submodules/altera_merlin_arbitrator.sv
Info: rsp_xbar_demux: "nios_system" instantiated altera_merlin_demultiplexer "rsp_xbar_demux"
Info: rsp_xbar_demux_002: "nios_system" instantiated altera_merlin_demultiplexer "rsp_xbar_demux_002"
Info: rsp_xbar_demux_005: "nios_system" instantiated altera_merlin_demultiplexer "rsp_xbar_demux_005"
Info: rsp_xbar_demux_006: "nios_system" instantiated altera_merlin_demultiplexer "rsp_xbar_demux_006"
Info: rsp_xbar_mux: "nios_system" instantiated altera_merlin_multiplexer "rsp_xbar_mux"
Info: Reusing file D:/MyDocs/altera/de2_115_media_computer_13.0/nios_system/synthesis/submodules/altera_merlin_arbitrator.sv
Info: rsp_xbar_mux_001: "nios_system" instantiated altera_merlin_multiplexer "rsp_xbar_mux_001"
Info: Reusing file D:/MyDocs/altera/de2_115_media_computer_13.0/nios_system/synthesis/submodules/altera_merlin_arbitrator.sv
Info: width_adapter: "nios_system" instantiated altera_merlin_width_adapter "width_adapter"
Info: Reusing file D:/MyDocs/altera/de2_115_media_computer_13.0/nios_system/synthesis/submodules/altera_merlin_address_alignment.sv
Info: Reusing file D:/MyDocs/altera/de2_115_media_computer_13.0/nios_system/synthesis/submodules/altera_merlin_burst_uncompressor.sv
Info: irq_mapper: "nios_system" instantiated altera_irq_mapper "irq_mapper"
Info: nios_system: Done nios_system" with 48 modules, 160 files, 3799449 bytes
Info: ip-generate succeeded.
Info: Finished: Create HDL design files for synthesis
