
**** Build of configuration Nios II for project media_bsp ****

make all 
      4 [main] pwd 39256 find_fast_cwd: WARNING: Couldn't compute FAST_CWD pointer.  Please report this problem to
the public mailing list cygwin@cygwin.com
      4 [main] sh 35284 find_fast_cwd: WARNING: Couldn't compute FAST_CWD pointer.  Please report this problem to
the public mailing list cygwin@cygwin.com
      4 [main] sh 41584 find_fast_cwd: WARNING: Couldn't compute FAST_CWD pointer.  Please report this problem to
the public mailing list cygwin@cygwin.com
[BSP build complete]

**** Build Finished ****

**** Build of configuration Nios II for project media ****

make all 
      4 [main] sh 37160 find_fast_cwd: WARNING: Couldn't compute FAST_CWD pointer.  Please report this problem to
the public mailing list cygwin@cygwin.com
      4 [main] sh 38588 find_fast_cwd: WARNING: Couldn't compute FAST_CWD pointer.  Please report this problem to
the public mailing list cygwin@cygwin.com
      4 [main] echo 41840 find_fast_cwd: WARNING: Couldn't compute FAST_CWD pointer.  Please report this problem to
the public mailing list cygwin@cygwin.com
Info: Building ../media_bsp/
make --no-print-directory -C ../media_bsp/
    294 [main] pwd 41584 find_fast_cwd: WARNING: Couldn't compute FAST_CWD pointer.  Please report this problem to
the public mailing list cygwin@cygwin.com
      4 [main] sh 41132 find_fast_cwd: WARNING: Couldn't compute FAST_CWD pointer.  Please report this problem to
the public mailing list cygwin@cygwin.com
      4 [main] sh 7428 find_fast_cwd: WARNING: Couldn't compute FAST_CWD pointer.  Please report this problem to
the public mailing list cygwin@cygwin.com
[BSP build complete]
      4 [main] echo 38472 find_fast_cwd: WARNING: Couldn't compute FAST_CWD pointer.  Please report this problem to
the public mailing list cygwin@cygwin.com
Info: Compiling media.c to obj/default/media.o
      3 [main] mkdir 35192 find_fast_cwd: WARNING: Couldn't compute FAST_CWD pointer.  Please report this problem to
the public mailing list cygwin@cygwin.com
nios2-elf-gcc -xc -MP -MMD -c -I../media_bsp//HAL/inc -I../media_bsp/ -I../media_bsp//drivers/inc  -DSYSTEM_BUS_WIDTH=32 -pipe -D__hal__ -DALT_NO_INSTRUCTION_EMULATION -DALT_SINGLE_THREADED    -O0 -g -Wall   -EL -mhw-div -mcustom-fpu-cfg=60-2 -mhw-mul -mno-hw-mulx  -o obj/default/media.o media.c
media.c: In function 'main':
media.c:75: warning: implicit declaration of function 'usleep'
media.c:44: warning: unused variable 'byte3'
media.c:44: warning: unused variable 'byte2'
media.c:43: warning: unused variable 'RVALID'
media.c:43: warning: unused variable 'PS2_data'
media.c:40: warning: unused variable 'right_buffer'
media.c:39: warning: unused variable 'left_buffer'
media.c:38: warning: unused variable 'buffer_index'
      4 [main] true 41612 find_fast_cwd: WARNING: Couldn't compute FAST_CWD pointer.  Please report this problem to
the public mailing list cygwin@cygwin.com
      4 [main] echo 41128 find_fast_cwd: WARNING: Couldn't compute FAST_CWD pointer.  Please report this problem to
the public mailing list cygwin@cygwin.com
Info: Linking media.elf
nios2-elf-g++  -T'../media_bsp//linker.x' -msys-crt0='../media_bsp//obj/HAL/src/crt0.o' -msys-lib=hal_bsp -L../media_bsp/  -mcustom-fpu-cfg=60-2  -Wl,-Map=media.map   -O0 -g -Wall   -EL -mhw-div -mcustom-fpu-cfg=60-2 -mhw-mul -mno-hw-mulx  -o media.elf obj/default/media.o -lm 
nios2-elf-insert media.elf --thread_model hal --cpu_name CPU --qsys true --simulation_enabled false --id 0 --sidp 0x10002020 --timestamp 1523017966 --stderr_dev JTAG_UART --stdin_dev JTAG_UART --stdout_dev JTAG_UART --sopc_system_name nios_system --quartus_project_dir "D:/MyDocs/altera/de2_115_media_computer_13.0" --jdi D:/MyDocs/altera/de2_115_media_computer_13.0/de2_media_computer.jdi --sopcinfo D:/MyDocs/altera/de2_115_media_computer_13.0/nios_system.sopcinfo
   2352 [main] sh 29224 find_fast_cwd: WARNING: Couldn't compute FAST_CWD pointer.  Please report this problem to
the public mailing list cygwin@cygwin.com
      4 [main] uname 41872 find_fast_cwd: WARNING: Couldn't compute FAST_CWD pointer.  Please report this problem to
the public mailing list cygwin@cygwin.com
      3 [main] sh 39432 find_fast_cwd: WARNING: Couldn't compute FAST_CWD pointer.  Please report this problem to
the public mailing list cygwin@cygwin.com
Info: (media.elf) 21 KBytes program size (code + initialized data).
Info:             131044 KBytes free for stack + heap.
      4 [main] echo 38244 find_fast_cwd: WARNING: Couldn't compute FAST_CWD pointer.  Please report this problem to
Info: Creating media.objdump
nios2-elf-objdump --disassemble --syms --all-header --source media.elf >media.objdump
the public mailing list cygwin@cygwin.com
      4 [main] sh 41196 find_fast_cwd: WARNING: Couldn't compute FAST_CWD pointer.  Please report this problem to
the public mailing list cygwin@cygwin.com
      4 [main] sh 35576 find_fast_cwd: WARNING: Couldn't compute FAST_CWD pointer.  Please report this problem to
the public mailing list cygwin@cygwin.com
[media build complete]

**** Build Finished ****

**** Build of configuration Nios II for project media_bsp ****

make all 
      4 [main] pwd 40260 find_fast_cwd: WARNING: Couldn't compute FAST_CWD pointer.  Please report this problem to
the public mailing list cygwin@cygwin.com
      4 [main] sh 33844 find_fast_cwd: WARNING: Couldn't compute FAST_CWD pointer.  Please report this problem to
the public mailing list cygwin@cygwin.com
    648 [main] sh 37408 find_fast_cwd: WARNING: Couldn't compute FAST_CWD pointer.  Please report this problem to
the public mailing list cygwin@cygwin.com
[BSP build complete]

**** Build Finished ****

**** Build of configuration Nios II for project media ****

make all 
      4 [main] sh 40308 find_fast_cwd: WARNING: Couldn't compute FAST_CWD pointer.  Please report this problem to
the public mailing list cygwin@cygwin.com
      4 [main] sh 41196 find_fast_cwd: WARNING: Couldn't compute FAST_CWD pointer.  Please report this problem to
the public mailing list cygwin@cygwin.com
      4 [main] echo 24692 find_fast_cwd: WARNING: Couldn't compute FAST_CWD pointer.  Please report this problem to
the public mailing list cygwin@cygwin.com
Info: Building ../media_bsp/
make --no-print-directory -C ../media_bsp/
      4 [main] pwd 40312 find_fast_cwd: WARNING: Couldn't compute FAST_CWD pointer.  Please report this problem to
the public mailing list cygwin@cygwin.com
      4 [main] sh 34332 find_fast_cwd: WARNING: Couldn't compute FAST_CWD pointer.  Please report this problem to
the public mailing list cygwin@cygwin.com
      4 [main] sh 41172 find_fast_cwd: WARNING: Couldn't compute FAST_CWD pointer.  Please report this problem to
the public mailing list cygwin@cygwin.com
[BSP build complete]
      4 [main] true 41284 find_fast_cwd: WARNING: Couldn't compute FAST_CWD pointer.  Please report this problem to
the public mailing list cygwin@cygwin.com
      3 [main] sh 41160 find_fast_cwd: WARNING: Couldn't compute FAST_CWD pointer.  Please report this problem to
the public mailing list cygwin@cygwin.com
[media build complete]

**** Build Finished ****

**** Build of configuration Nios II for project media_bsp ****

make all 
      4 [main] pwd 24692 find_fast_cwd: WARNING: Couldn't compute FAST_CWD pointer.  Please report this problem to
the public mailing list cygwin@cygwin.com
      4 [main] sh 39464 find_fast_cwd: WARNING: Couldn't compute FAST_CWD pointer.  Please report this problem to
the public mailing list cygwin@cygwin.com
      4 [main] sh 40804 find_fast_cwd: WARNING: Couldn't compute FAST_CWD pointer.  Please report this problem to
the public mailing list cygwin@cygwin.com
[BSP build complete]

**** Build Finished ****

**** Build of configuration Nios II for project media ****

make all 
      4 [main] sh 32628 find_fast_cwd: WARNING: Couldn't compute FAST_CWD pointer.  Please report this problem to
the public mailing list cygwin@cygwin.com
      4 [main] sh 41048 find_fast_cwd: WARNING: Couldn't compute FAST_CWD pointer.  Please report this problem to
the public mailing list cygwin@cygwin.com
      4 [main] echo 41240 find_fast_cwd: WARNING: Couldn't compute FAST_CWD pointer.  Please report this problem to
the public mailing list cygwin@cygwin.com
Info: Building ../media_bsp/
make --no-print-directory -C ../media_bsp/
      4 [main] pwd 36388 find_fast_cwd: WARNING: Couldn't compute FAST_CWD pointer.  Please report this problem to
the public mailing list cygwin@cygwin.com
      4 [main] sh 41024 find_fast_cwd: WARNING: Couldn't compute FAST_CWD pointer.  Please report this problem to
the public mailing list cygwin@cygwin.com
      4 [main] sh 29048 find_fast_cwd: WARNING: Couldn't compute FAST_CWD pointer.  Please report this problem to
the public mailing list cygwin@cygwin.com
[BSP build complete]
      4 [main] echo 41840 find_fast_cwd: WARNING: Couldn't compute FAST_CWD pointer.  Please report this problem to
the public mailing list cygwin@cygwin.com
Info: Compiling media.c to obj/default/media.o
    434 [main] mkdir 41116 find_fast_cwd: WARNING: Couldn't compute FAST_CWD pointer.  Please report this problem to
the public mailing list cygwin@cygwin.com
nios2-elf-gcc -xc -MP -MMD -c -I../media_bsp//HAL/inc -I../media_bsp/ -I../media_bsp//drivers/inc  -DSYSTEM_BUS_WIDTH=32 -pipe -D__hal__ -DALT_NO_INSTRUCTION_EMULATION -DALT_SINGLE_THREADED    -O0 -g -Wall   -EL -mhw-div -mcustom-fpu-cfg=60-2 -mhw-mul -mno-hw-mulx  -o obj/default/media.o media.c
media.c: In function 'main':
media.c:71: warning: implicit declaration of function 'usleep'
media.c:44: warning: unused variable 'byte3'
media.c:44: warning: unused variable 'byte2'
media.c:43: warning: unused variable 'RVALID'
media.c:43: warning: unused variable 'PS2_data'
media.c:40: warning: unused variable 'right_buffer'
media.c:39: warning: unused variable 'left_buffer'
media.c:38: warning: unused variable 'buffer_index'
    682 [main] true 39000 find_fast_cwd: WARNING: Couldn't compute FAST_CWD pointer.  Please report this problem to
the public mailing list cygwin@cygwin.com
      4 [main] echo 36876 find_fast_cwd: WARNING: Couldn't compute FAST_CWD pointer.  Please report this problem to
the public mailing list cygwin@cygwin.com
Info: Linking media.elf
nios2-elf-g++  -T'../media_bsp//linker.x' -msys-crt0='../media_bsp//obj/HAL/src/crt0.o' -msys-lib=hal_bsp -L../media_bsp/  -mcustom-fpu-cfg=60-2  -Wl,-Map=media.map   -O0 -g -Wall   -EL -mhw-div -mcustom-fpu-cfg=60-2 -mhw-mul -mno-hw-mulx  -o media.elf obj/default/media.o -lm 
nios2-elf-insert media.elf --thread_model hal --cpu_name CPU --qsys true --simulation_enabled false --id 0 --sidp 0x10002020 --timestamp 1523017966 --stderr_dev JTAG_UART --stdin_dev JTAG_UART --stdout_dev JTAG_UART --sopc_system_name nios_system --quartus_project_dir "D:/MyDocs/altera/de2_115_media_computer_13.0" --jdi D:/MyDocs/altera/de2_115_media_computer_13.0/de2_media_computer.jdi --sopcinfo D:/MyDocs/altera/de2_115_media_computer_13.0/nios_system.sopcinfo
      4 [main] sh 37964 find_fast_cwd: WARNING: Couldn't compute FAST_CWD pointer.  Please report this problem to
the public mailing list cygwin@cygwin.com
    705 [main] uname 39552 find_fast_cwd: WARNING: Couldn't compute FAST_CWD pointer.  Please report this problem to
the public mailing list cygwin@cygwin.com
      4 [main] sh 41472 find_fast_cwd: WARNING: Couldn't compute FAST_CWD pointer.  Please report this problem to
the public mailing list cygwin@cygwin.com
Info: (media.elf) 21 KBytes program size (code + initialized data).
Info:             131044 KBytes free for stack + heap.
      4 [main] echo 31120 find_fast_cwd: WARNING: Couldn't compute FAST_CWD pointer.  Please report this problem to
Info: Creating media.objdump
nios2-elf-objdump --disassemble --syms --all-header --source media.elf >media.objdump
the public mailing list cygwin@cygwin.com
      4 [main] sh 41100 find_fast_cwd: WARNING: Couldn't compute FAST_CWD pointer.  Please report this problem to
the public mailing list cygwin@cygwin.com
      4 [main] sh 36388 find_fast_cwd: WARNING: Couldn't compute FAST_CWD pointer.  Please report this problem to
the public mailing list cygwin@cygwin.com
[media build complete]

**** Build Finished ****

**** Build of configuration Nios II for project media_bsp ****

make all 
      4 [main] pwd 36388 find_fast_cwd: WARNING: Couldn't compute FAST_CWD pointer.  Please report this problem to
the public mailing list cygwin@cygwin.com
      3 [main] sh 39716 find_fast_cwd: WARNING: Couldn't compute FAST_CWD pointer.  Please report this problem to
the public mailing list cygwin@cygwin.com
      4 [main] sh 29224 find_fast_cwd: WARNING: Couldn't compute FAST_CWD pointer.  Please report this problem to
the public mailing list cygwin@cygwin.com
[BSP build complete]

**** Build Finished ****

**** Build of configuration Nios II for project media ****

make all 
      4 [main] sh 41188 find_fast_cwd: WARNING: Couldn't compute FAST_CWD pointer.  Please report this problem to
the public mailing list cygwin@cygwin.com
      4 [main] sh 41968 find_fast_cwd: WARNING: Couldn't compute FAST_CWD pointer.  Please report this problem to
the public mailing list cygwin@cygwin.com
      4 [main] echo 41528 find_fast_cwd: WARNING: Couldn't compute FAST_CWD pointer.  Please report this problem to
the public mailing list cygwin@cygwin.com
Info: Building ../media_bsp/
make --no-print-directory -C ../media_bsp/
      4 [main] pwd 41248 find_fast_cwd: WARNING: Couldn't compute FAST_CWD pointer.  Please report this problem to
the public mailing list cygwin@cygwin.com
      4 [main] sh 39360 find_fast_cwd: WARNING: Couldn't compute FAST_CWD pointer.  Please report this problem to
the public mailing list cygwin@cygwin.com
      4 [main] sh 37640 find_fast_cwd: WARNING: Couldn't compute FAST_CWD pointer.  Please report this problem to
the public mailing list cygwin@cygwin.com
[BSP build complete]
      4 [main] echo 25708 find_fast_cwd: WARNING: Couldn't compute FAST_CWD pointer.  Please report this problem to
the public mailing list cygwin@cygwin.com
Info: Compiling media.c to obj/default/media.o
      4 [main] mkdir 41416 find_fast_cwd: WARNING: Couldn't compute FAST_CWD pointer.  Please report this problem to
the public mailing list cygwin@cygwin.com
nios2-elf-gcc -xc -MP -MMD -c -I../media_bsp//HAL/inc -I../media_bsp/ -I../media_bsp//drivers/inc  -DSYSTEM_BUS_WIDTH=32 -pipe -D__hal__ -DALT_NO_INSTRUCTION_EMULATION -DALT_SINGLE_THREADED    -O0 -g -Wall   -EL -mhw-div -mcustom-fpu-cfg=60-2 -mhw-mul -mno-hw-mulx  -o obj/default/media.o media.c
media.c: In function 'main':
media.c:77: warning: implicit declaration of function 'usleep'
media.c:44: warning: unused variable 'byte3'
media.c:44: warning: unused variable 'byte2'
media.c:43: warning: unused variable 'RVALID'
media.c:43: warning: unused variable 'PS2_data'
media.c:40: warning: unused variable 'right_buffer'
media.c:39: warning: unused variable 'left_buffer'
media.c:38: warning: unused variable 'buffer_index'
      4 [main] true 41420 find_fast_cwd: WARNING: Couldn't compute FAST_CWD pointer.  Please report this problem to
the public mailing list cygwin@cygwin.com
      4 [main] echo 40616 find_fast_cwd: WARNING: Couldn't compute FAST_CWD pointer.  Please report this problem to
the public mailing list cygwin@cygwin.com
Info: Linking media.elf
nios2-elf-g++  -T'../media_bsp//linker.x' -msys-crt0='../media_bsp//obj/HAL/src/crt0.o' -msys-lib=hal_bsp -L../media_bsp/  -mcustom-fpu-cfg=60-2  -Wl,-Map=media.map   -O0 -g -Wall   -EL -mhw-div -mcustom-fpu-cfg=60-2 -mhw-mul -mno-hw-mulx  -o media.elf obj/default/media.o -lm 
nios2-elf-insert media.elf --thread_model hal --cpu_name CPU --qsys true --simulation_enabled false --id 0 --sidp 0x10002020 --timestamp 1523017966 --stderr_dev JTAG_UART --stdin_dev JTAG_UART --stdout_dev JTAG_UART --sopc_system_name nios_system --quartus_project_dir "D:/MyDocs/altera/de2_115_media_computer_13.0" --jdi D:/MyDocs/altera/de2_115_media_computer_13.0/de2_media_computer.jdi --sopcinfo D:/MyDocs/altera/de2_115_media_computer_13.0/nios_system.sopcinfo
   7913 [main] sh 41548 find_fast_cwd: WARNING: Couldn't compute FAST_CWD pointer.  Please report this problem to
the public mailing list cygwin@cygwin.com
      4 [main] uname 40860 find_fast_cwd: WARNING: Couldn't compute FAST_CWD pointer.  Please report this problem to
the public mailing list cygwin@cygwin.com
      4 [main] sh 41616 find_fast_cwd: WARNING: Couldn't compute FAST_CWD pointer.  Please report this problem to
the public mailing list cygwin@cygwin.com
Info: (media.elf) 21 KBytes program size (code + initialized data).
Info:             131044 KBytes free for stack + heap.
      4 [main] echo 39864 find_fast_cwd: WARNING: Couldn't compute FAST_CWD pointer.  Please report this problem to
Info: Creating media.objdump
nios2-elf-objdump --disassemble --syms --all-header --source media.elf >media.objdump
the public mailing list cygwin@cygwin.com
      4 [main] sh 35576 find_fast_cwd: WARNING: Couldn't compute FAST_CWD pointer.  Please report this problem to
the public mailing list cygwin@cygwin.com
      3 [main] sh 35956 find_fast_cwd: WARNING: Couldn't compute FAST_CWD pointer.  Please report this problem to
the public mailing list cygwin@cygwin.com
[media build complete]

**** Build Finished ****

**** Build of configuration Nios II for project media_bsp ****

make all 
      4 [main] pwd 34996 find_fast_cwd: WARNING: Couldn't compute FAST_CWD pointer.  Please report this problem to
the public mailing list cygwin@cygwin.com
      4 [main] sh 39824 find_fast_cwd: WARNING: Couldn't compute FAST_CWD pointer.  Please report this problem to
the public mailing list cygwin@cygwin.com
      4 [main] sh 39440 find_fast_cwd: WARNING: Couldn't compute FAST_CWD pointer.  Please report this problem to
the public mailing list cygwin@cygwin.com
[BSP build complete]

**** Build Finished ****

**** Build of configuration Nios II for project media ****

make all 
      4 [main] sh 40388 find_fast_cwd: WARNING: Couldn't compute FAST_CWD pointer.  Please report this problem to
the public mailing list cygwin@cygwin.com
      4 [main] sh 41240 find_fast_cwd: WARNING: Couldn't compute FAST_CWD pointer.  Please report this problem to
the public mailing list cygwin@cygwin.com
      4 [main] echo 41668 find_fast_cwd: WARNING: Couldn't compute FAST_CWD pointer.  Please report this problem to
the public mailing list cygwin@cygwin.com
Info: Building ../media_bsp/
make --no-print-directory -C ../media_bsp/
      4 [main] pwd 27264 find_fast_cwd: WARNING: Couldn't compute FAST_CWD pointer.  Please report this problem to
the public mailing list cygwin@cygwin.com
      3 [main] sh 24588 find_fast_cwd: WARNING: Couldn't compute FAST_CWD pointer.  Please report this problem to
the public mailing list cygwin@cygwin.com
      4 [main] sh 38232 find_fast_cwd: WARNING: Couldn't compute FAST_CWD pointer.  Please report this problem to
the public mailing list cygwin@cygwin.com
[BSP build complete]
      3 [main] echo 38712 find_fast_cwd: WARNING: Couldn't compute FAST_CWD pointer.  Please report this problem to
the public mailing list cygwin@cygwin.com
Info: Compiling media.c to obj/default/media.o
      4 [main] mkdir 38052 find_fast_cwd: WARNING: Couldn't compute FAST_CWD pointer.  Please report this problem to
the public mailing list cygwin@cygwin.com
nios2-elf-gcc -xc -MP -MMD -c -I../media_bsp//HAL/inc -I../media_bsp/ -I../media_bsp//drivers/inc  -DSYSTEM_BUS_WIDTH=32 -pipe -D__hal__ -DALT_NO_INSTRUCTION_EMULATION -DALT_SINGLE_THREADED    -O0 -g -Wall   -EL -mhw-div -mcustom-fpu-cfg=60-2 -mhw-mul -mno-hw-mulx  -o obj/default/media.o media.c
media.c: In function 'main':
media.c:34: warning: unused variable 'byte3'
media.c:34: warning: unused variable 'byte2'
media.c:34: warning: unused variable 'byte1'
      4 [main] true 40684 find_fast_cwd: WARNING: Couldn't compute FAST_CWD pointer.  Please report this problem to
the public mailing list cygwin@cygwin.com
      4 [main] echo 40976 find_fast_cwd: WARNING: Couldn't compute FAST_CWD pointer.  Please report this problem to
the public mailing list cygwin@cygwin.com
Info: Linking media.elf
nios2-elf-g++  -T'../media_bsp//linker.x' -msys-crt0='../media_bsp//obj/HAL/src/crt0.o' -msys-lib=hal_bsp -L../media_bsp/  -mcustom-fpu-cfg=60-2  -Wl,-Map=media.map   -O0 -g -Wall   -EL -mhw-div -mcustom-fpu-cfg=60-2 -mhw-mul -mno-hw-mulx  -o media.elf obj/default/media.o -lm 
nios2-elf-insert media.elf --thread_model hal --cpu_name CPU --qsys true --simulation_enabled false --id 0 --sidp 0x10002020 --timestamp 1523017966 --stderr_dev JTAG_UART --stdin_dev JTAG_UART --stdout_dev JTAG_UART --sopc_system_name nios_system --quartus_project_dir "D:/MyDocs/altera/de2_115_media_computer_13.0" --jdi D:/MyDocs/altera/de2_115_media_computer_13.0/de2_media_computer.jdi --sopcinfo D:/MyDocs/altera/de2_115_media_computer_13.0/nios_system.sopcinfo
      4 [main] sh 39292 find_fast_cwd: WARNING: Couldn't compute FAST_CWD pointer.  Please report this problem to
the public mailing list cygwin@cygwin.com
      4 [main] uname 33028 find_fast_cwd: WARNING: Couldn't compute FAST_CWD pointer.  Please report this problem to
the public mailing list cygwin@cygwin.com
      4 [main] sh 35384 find_fast_cwd: WARNING: Couldn't compute FAST_CWD pointer.  Please report this problem to
the public mailing list cygwin@cygwin.com
Info: (media.elf) 20 KBytes program size (code + initialized data).
Info:             131045 KBytes free for stack + heap.
      4 [main] echo 41724 find_fast_cwd: WARNING: Couldn't compute FAST_CWD pointer.  Please report this problem to
the public mailing list cygwin@cygwin.com
Info: Creating media.objdump
nios2-elf-objdump --disassemble --syms --all-header --source media.elf >media.objdump
      4 [main] sh 39692 find_fast_cwd: WARNING: Couldn't compute FAST_CWD pointer.  Please report this problem to
the public mailing list cygwin@cygwin.com
      4 [main] sh 41532 find_fast_cwd: WARNING: Couldn't compute FAST_CWD pointer.  Please report this problem to
the public mailing list cygwin@cygwin.com
[media build complete]

**** Build Finished ****

**** Build of configuration Nios II for project media_bsp ****

make all 
      4 [main] pwd 41888 find_fast_cwd: WARNING: Couldn't compute FAST_CWD pointer.  Please report this problem to
the public mailing list cygwin@cygwin.com
      4 [main] sh 41600 find_fast_cwd: WARNING: Couldn't compute FAST_CWD pointer.  Please report this problem to
the public mailing list cygwin@cygwin.com
      4 [main] sh 38472 find_fast_cwd: WARNING: Couldn't compute FAST_CWD pointer.  Please report this problem to
the public mailing list cygwin@cygwin.com
[BSP build complete]

**** Build Finished ****

**** Build of configuration Nios II for project media ****

make all 
      4 [main] sh 39188 find_fast_cwd: WARNING: Couldn't compute FAST_CWD pointer.  Please report this problem to
the public mailing list cygwin@cygwin.com
      4 [main] sh 30324 find_fast_cwd: WARNING: Couldn't compute FAST_CWD pointer.  Please report this problem to
the public mailing list cygwin@cygwin.com
      4 [main] echo 41968 find_fast_cwd: WARNING: Couldn't compute FAST_CWD pointer.  Please report this problem to
the public mailing list cygwin@cygwin.com
Info: Building ../media_bsp/
make --no-print-directory -C ../media_bsp/
      4 [main] pwd 34996 find_fast_cwd: WARNING: Couldn't compute FAST_CWD pointer.  Please report this problem to
the public mailing list cygwin@cygwin.com
      3 [main] sh 38232 find_fast_cwd: WARNING: Couldn't compute FAST_CWD pointer.  Please report this problem to
the public mailing list cygwin@cygwin.com
      4 [main] sh 41724 find_fast_cwd: WARNING: Couldn't compute FAST_CWD pointer.  Please report this problem to
the public mailing list cygwin@cygwin.com
[BSP build complete]
      4 [main] true 36828 find_fast_cwd: WARNING: Couldn't compute FAST_CWD pointer.  Please report this problem to
the public mailing list cygwin@cygwin.com
      4 [main] sh 41096 find_fast_cwd: WARNING: Couldn't compute FAST_CWD pointer.  Please report this problem to
the public mailing list cygwin@cygwin.com
[media build complete]

**** Build Finished ****

**** Build of configuration Nios II for project media_bsp ****

make all 
      4 [main] pwd 41088 find_fast_cwd: WARNING: Couldn't compute FAST_CWD pointer.  Please report this problem to
the public mailing list cygwin@cygwin.com
      4 [main] sh 41188 find_fast_cwd: WARNING: Couldn't compute FAST_CWD pointer.  Please report this problem to
the public mailing list cygwin@cygwin.com
      4 [main] sh 30308 find_fast_cwd: WARNING: Couldn't compute FAST_CWD pointer.  Please report this problem to
the public mailing list cygwin@cygwin.com
[BSP build complete]

**** Build Finished ****

**** Build of configuration Nios II for project media ****

make all 
      4 [main] sh 34996 find_fast_cwd: WARNING: Couldn't compute FAST_CWD pointer.  Please report this problem to
the public mailing list cygwin@cygwin.com
      4 [main] sh 39244 find_fast_cwd: WARNING: Couldn't compute FAST_CWD pointer.  Please report this problem to
the public mailing list cygwin@cygwin.com
      4 [main] echo 38392 find_fast_cwd: WARNING: Couldn't compute FAST_CWD pointer.  Please report this problem to
the public mailing list cygwin@cygwin.com
Info: Building ../media_bsp/
make --no-print-directory -C ../media_bsp/
      4 [main] pwd 32368 find_fast_cwd: WARNING: Couldn't compute FAST_CWD pointer.  Please report this problem to
the public mailing list cygwin@cygwin.com
      4 [main] sh 37460 find_fast_cwd: WARNING: Couldn't compute FAST_CWD pointer.  Please report this problem to
the public mailing list cygwin@cygwin.com
      4 [main] sh 38972 find_fast_cwd: WARNING: Couldn't compute FAST_CWD pointer.  Please report this problem to
the public mailing list cygwin@cygwin.com
[BSP build complete]
      4 [main] echo 39876 find_fast_cwd: WARNING: Couldn't compute FAST_CWD pointer.  Please report this problem to
the public mailing list cygwin@cygwin.com
Info: Compiling media.c to obj/default/media.o
      4 [main] mkdir 40196 find_fast_cwd: WARNING: Couldn't compute FAST_CWD pointer.  Please report this problem to
the public mailing list cygwin@cygwin.com
nios2-elf-gcc -xc -MP -MMD -c -I../media_bsp//HAL/inc -I../media_bsp/ -I../media_bsp//drivers/inc  -DSYSTEM_BUS_WIDTH=32 -pipe -D__hal__ -DALT_NO_INSTRUCTION_EMULATION -DALT_SINGLE_THREADED    -O0 -g -Wall   -EL -mhw-div -mcustom-fpu-cfg=60-2 -mhw-mul -mno-hw-mulx  -o obj/default/media.o media.c
media.c: In function 'main':
media.c:34: warning: unused variable 'byte3'
media.c:34: warning: unused variable 'byte2'
media.c:34: warning: unused variable 'byte1'
      4 [main] true 15444 find_fast_cwd: WARNING: Couldn't compute FAST_CWD pointer.  Please report this problem to
the public mailing list cygwin@cygwin.com
      4 [main] echo 37964 find_fast_cwd: WARNING: Couldn't compute FAST_CWD pointer.  Please report this problem to
Info: Linking media.elf
the public mailing list cygwin@cygwin.com
nios2-elf-g++  -T'../media_bsp//linker.x' -msys-crt0='../media_bsp//obj/HAL/src/crt0.o' -msys-lib=hal_bsp -L../media_bsp/  -mcustom-fpu-cfg=60-2  -Wl,-Map=media.map   -O0 -g -Wall   -EL -mhw-div -mcustom-fpu-cfg=60-2 -mhw-mul -mno-hw-mulx  -o media.elf obj/default/media.o -lm 
nios2-elf-insert media.elf --thread_model hal --cpu_name CPU --qsys true --simulation_enabled false --id 0 --sidp 0x10002020 --timestamp 1523017966 --stderr_dev JTAG_UART --stdin_dev JTAG_UART --stdout_dev JTAG_UART --sopc_system_name nios_system --quartus_project_dir "D:/MyDocs/altera/de2_115_media_computer_13.0" --jdi D:/MyDocs/altera/de2_115_media_computer_13.0/de2_media_computer.jdi --sopcinfo D:/MyDocs/altera/de2_115_media_computer_13.0/nios_system.sopcinfo
      4 [main] sh 40184 find_fast_cwd: WARNING: Couldn't compute FAST_CWD pointer.  Please report this problem to
the public mailing list cygwin@cygwin.com
      4 [main] uname 41884 find_fast_cwd: WARNING: Couldn't compute FAST_CWD pointer.  Please report this problem to
the public mailing list cygwin@cygwin.com
      4 [main] sh 41184 find_fast_cwd: WARNING: Couldn't compute FAST_CWD pointer.  Please report this problem to
the public mailing list cygwin@cygwin.com
Info: (media.elf) 20 KBytes program size (code + initialized data).
Info:             131045 KBytes free for stack + heap.
      4 [main] echo 38024 find_fast_cwd: WARNING: Couldn't compute FAST_CWD pointer.  Please report this problem to
the public mailing list cygwin@cygwin.com
Info: Creating media.objdump
nios2-elf-objdump --disassemble --syms --all-header --source media.elf >media.objdump
      4 [main] sh 29728 find_fast_cwd: WARNING: Couldn't compute FAST_CWD pointer.  Please report this problem to
the public mailing list cygwin@cygwin.com
      4 [main] sh 36312 find_fast_cwd: WARNING: Couldn't compute FAST_CWD pointer.  Please report this problem to
the public mailing list cygwin@cygwin.com
[media build complete]

**** Build Finished ****

**** Build of configuration Nios II for project media_bsp ****

make all 
      4 [main] pwd 41284 find_fast_cwd: WARNING: Couldn't compute FAST_CWD pointer.  Please report this problem to
the public mailing list cygwin@cygwin.com
      4 [main] sh 41128 find_fast_cwd: WARNING: Couldn't compute FAST_CWD pointer.  Please report this problem to
the public mailing list cygwin@cygwin.com
      4 [main] sh 41384 find_fast_cwd: WARNING: Couldn't compute FAST_CWD pointer.  Please report this problem to
the public mailing list cygwin@cygwin.com
[BSP build complete]

**** Build Finished ****

**** Build of configuration Nios II for project media ****

make all 
      4 [main] sh 41780 find_fast_cwd: WARNING: Couldn't compute FAST_CWD pointer.  Please report this problem to
the public mailing list cygwin@cygwin.com
      4 [main] sh 41004 find_fast_cwd: WARNING: Couldn't compute FAST_CWD pointer.  Please report this problem to
the public mailing list cygwin@cygwin.com
      4 [main] echo 39140 find_fast_cwd: WARNING: Couldn't compute FAST_CWD pointer.  Please report this problem to
the public mailing list cygwin@cygwin.com
Info: Building ../media_bsp/
make --no-print-directory -C ../media_bsp/
      4 [main] pwd 39716 find_fast_cwd: WARNING: Couldn't compute FAST_CWD pointer.  Please report this problem to
the public mailing list cygwin@cygwin.com
      4 [main] sh 39444 find_fast_cwd: WARNING: Couldn't compute FAST_CWD pointer.  Please report this problem to
the public mailing list cygwin@cygwin.com
      4 [main] sh 40600 find_fast_cwd: WARNING: Couldn't compute FAST_CWD pointer.  Please report this problem to
the public mailing list cygwin@cygwin.com
[BSP build complete]
      4 [main] echo 32368 find_fast_cwd: WARNING: Couldn't compute FAST_CWD pointer.  Please report this problem to
the public mailing list cygwin@cygwin.com
Info: Compiling media.c to obj/default/media.o
      4 [main] mkdir 41532 find_fast_cwd: WARNING: Couldn't compute FAST_CWD pointer.  Please report this problem to
the public mailing list cygwin@cygwin.com
nios2-elf-gcc -xc -MP -MMD -c -I../media_bsp//HAL/inc -I../media_bsp/ -I../media_bsp//drivers/inc  -DSYSTEM_BUS_WIDTH=32 -pipe -D__hal__ -DALT_NO_INSTRUCTION_EMULATION -DALT_SINGLE_THREADED    -O0 -g -Wall   -EL -mhw-div -mcustom-fpu-cfg=60-2 -mhw-mul -mno-hw-mulx  -o obj/default/media.o media.c
media.c: In function 'main':
media.c:34: warning: unused variable 'byte3'
media.c:34: warning: unused variable 'byte2'
media.c:34: warning: unused variable 'byte1'
      4 [main] true 41088 find_fast_cwd: WARNING: Couldn't compute FAST_CWD pointer.  Please report this problem to
the public mailing list cygwin@cygwin.com
      4 [main] echo 41384 find_fast_cwd: WARNING: Couldn't compute FAST_CWD pointer.  Please report this problem to
Info: Linking media.elf
the public mailing list cygwin@cygwin.com
nios2-elf-g++  -T'../media_bsp//linker.x' -msys-crt0='../media_bsp//obj/HAL/src/crt0.o' -msys-lib=hal_bsp -L../media_bsp/  -mcustom-fpu-cfg=60-2  -Wl,-Map=media.map   -O0 -g -Wall   -EL -mhw-div -mcustom-fpu-cfg=60-2 -mhw-mul -mno-hw-mulx  -o media.elf obj/default/media.o -lm 
nios2-elf-insert media.elf --thread_model hal --cpu_name CPU --qsys true --simulation_enabled false --id 0 --sidp 0x10002020 --timestamp 1523017966 --stderr_dev JTAG_UART --stdin_dev JTAG_UART --stdout_dev JTAG_UART --sopc_system_name nios_system --quartus_project_dir "D:/MyDocs/altera/de2_115_media_computer_13.0" --jdi D:/MyDocs/altera/de2_115_media_computer_13.0/de2_media_computer.jdi --sopcinfo D:/MyDocs/altera/de2_115_media_computer_13.0/nios_system.sopcinfo
      4 [main] sh 40244 find_fast_cwd: WARNING: Couldn't compute FAST_CWD pointer.  Please report this problem to
the public mailing list cygwin@cygwin.com
   5598 [main] uname 39224 find_fast_cwd: WARNING: Couldn't compute FAST_CWD pointer.  Please report this problem to
the public mailing list cygwin@cygwin.com
      3 [main] sh 36640 find_fast_cwd: WARNING: Couldn't compute FAST_CWD pointer.  Please report this problem to
the public mailing list cygwin@cygwin.com
Info: (media.elf) 20 KBytes program size (code + initialized data).
Info:             131045 KBytes free for stack + heap.
      4 [main] echo 39292 find_fast_cwd: WARNING: Couldn't compute FAST_CWD pointer.  Please report this problem to
the public mailing list cygwin@cygwin.com
Info: Creating media.objdump
nios2-elf-objdump --disassemble --syms --all-header --source media.elf >media.objdump
      3 [main] sh 39440 find_fast_cwd: WARNING: Couldn't compute FAST_CWD pointer.  Please report this problem to
the public mailing list cygwin@cygwin.com
      4 [main] sh 38024 find_fast_cwd: WARNING: Couldn't compute FAST_CWD pointer.  Please report this problem to
the public mailing list cygwin@cygwin.com
[media build complete]

**** Build Finished ****

**** Build of configuration Nios II for project media_bsp ****

make all 
    821 [main] pwd 39900 find_fast_cwd: WARNING: Couldn't compute FAST_CWD pointer.  Please report this problem to
the public mailing list cygwin@cygwin.com
    256 [main] sh 27264 find_fast_cwd: WARNING: Couldn't compute FAST_CWD pointer.  Please report this problem to
the public mailing list cygwin@cygwin.com
      4 [main] sh 41688 find_fast_cwd: WARNING: Couldn't compute FAST_CWD pointer.  Please report this problem to
the public mailing list cygwin@cygwin.com
[BSP build complete]

**** Build Finished ****

**** Build of configuration Nios II for project media ****

make all 
    339 [main] sh 41952 find_fast_cwd: WARNING: Couldn't compute FAST_CWD pointer.  Please report this problem to
the public mailing list cygwin@cygwin.com
      4 [main] sh 39204 find_fast_cwd: WARNING: Couldn't compute FAST_CWD pointer.  Please report this problem to
the public mailing list cygwin@cygwin.com
      4 [main] echo 36556 find_fast_cwd: WARNING: Couldn't compute FAST_CWD pointer.  Please report this problem to
the public mailing list cygwin@cygwin.com
Info: Building ../media_bsp/
make --no-print-directory -C ../media_bsp/
      4 [main] pwd 41760 find_fast_cwd: WARNING: Couldn't compute FAST_CWD pointer.  Please report this problem to
the public mailing list cygwin@cygwin.com
      4 [main] sh 36048 find_fast_cwd: WARNING: Couldn't compute FAST_CWD pointer.  Please report this problem to
the public mailing list cygwin@cygwin.com
      4 [main] sh 38052 find_fast_cwd: WARNING: Couldn't compute FAST_CWD pointer.  Please report this problem to
the public mailing list cygwin@cygwin.com
[BSP build complete]
      4 [main] true 36848 find_fast_cwd: WARNING: Couldn't compute FAST_CWD pointer.  Please report this problem to
the public mailing list cygwin@cygwin.com
      4 [main] sh 40384 find_fast_cwd: WARNING: Couldn't compute FAST_CWD pointer.  Please report this problem to
the public mailing list cygwin@cygwin.com
[media build complete]

**** Build Finished ****

**** Build of configuration Nios II for project media_bsp ****

make all 
      3 [main] pwd 37040 find_fast_cwd: WARNING: Couldn't compute FAST_CWD pointer.  Please report this problem to
the public mailing list cygwin@cygwin.com
      4 [main] sh 30324 find_fast_cwd: WARNING: Couldn't compute FAST_CWD pointer.  Please report this problem to
the public mailing list cygwin@cygwin.com
      4 [main] sh 41924 find_fast_cwd: WARNING: Couldn't compute FAST_CWD pointer.  Please report this problem to
the public mailing list cygwin@cygwin.com
[BSP build complete]

**** Build Finished ****

**** Build of configuration Nios II for project media ****

make all 
      4 [main] sh 41704 find_fast_cwd: WARNING: Couldn't compute FAST_CWD pointer.  Please report this problem to
the public mailing list cygwin@cygwin.com
      4 [main] sh 33600 find_fast_cwd: WARNING: Couldn't compute FAST_CWD pointer.  Please report this problem to
the public mailing list cygwin@cygwin.com
      4 [main] echo 37280 find_fast_cwd: WARNING: Couldn't compute FAST_CWD pointer.  Please report this problem to
the public mailing list cygwin@cygwin.com
Info: Building ../media_bsp/
make --no-print-directory -C ../media_bsp/
    833 [main] pwd 36336 find_fast_cwd: WARNING: Couldn't compute FAST_CWD pointer.  Please report this problem to
the public mailing list cygwin@cygwin.com
      4 [main] sh 41388 find_fast_cwd: WARNING: Couldn't compute FAST_CWD pointer.  Please report this problem to
the public mailing list cygwin@cygwin.com
      4 [main] sh 38472 find_fast_cwd: WARNING: Couldn't compute FAST_CWD pointer.  Please report this problem to
the public mailing list cygwin@cygwin.com
[BSP build complete]
      4 [main] echo 36312 find_fast_cwd: WARNING: Couldn't compute FAST_CWD pointer.  Please report this problem to
the public mailing list cygwin@cygwin.com
Info: Compiling media.c to obj/default/media.o
      4 [main] mkdir 37496 find_fast_cwd: WARNING: Couldn't compute FAST_CWD pointer.  Please report this problem to
the public mailing list cygwin@cygwin.com
nios2-elf-gcc -xc -MP -MMD -c -I../media_bsp//HAL/inc -I../media_bsp/ -I../media_bsp//drivers/inc  -DSYSTEM_BUS_WIDTH=32 -pipe -D__hal__ -DALT_NO_INSTRUCTION_EMULATION -DALT_SINGLE_THREADED    -O0 -g -Wall   -EL -mhw-div -mcustom-fpu-cfg=60-2 -mhw-mul -mno-hw-mulx  -o obj/default/media.o media.c
media.c: In function 'main':
media.c:34: warning: unused variable 'byte3'
media.c:34: warning: unused variable 'byte2'
media.c:34: warning: unused variable 'byte1'
      4 [main] true 33524 find_fast_cwd: WARNING: Couldn't compute FAST_CWD pointer.  Please report this problem to
the public mailing list cygwin@cygwin.com
      3 [main] echo 41152 find_fast_cwd: WARNING: Couldn't compute FAST_CWD pointer.  Please report this problem to
Info: Linking media.elf
the public mailing list cygwin@cygwin.com
nios2-elf-g++  -T'../media_bsp//linker.x' -msys-crt0='../media_bsp//obj/HAL/src/crt0.o' -msys-lib=hal_bsp -L../media_bsp/  -mcustom-fpu-cfg=60-2  -Wl,-Map=media.map   -O0 -g -Wall   -EL -mhw-div -mcustom-fpu-cfg=60-2 -mhw-mul -mno-hw-mulx  -o media.elf obj/default/media.o -lm 
nios2-elf-insert media.elf --thread_model hal --cpu_name CPU --qsys true --simulation_enabled false --id 0 --sidp 0x10002020 --timestamp 1523017966 --stderr_dev JTAG_UART --stdin_dev JTAG_UART --stdout_dev JTAG_UART --sopc_system_name nios_system --quartus_project_dir "D:/MyDocs/altera/de2_115_media_computer_13.0" --jdi D:/MyDocs/altera/de2_115_media_computer_13.0/de2_media_computer.jdi --sopcinfo D:/MyDocs/altera/de2_115_media_computer_13.0/nios_system.sopcinfo
      4 [main] sh 35560 find_fast_cwd: WARNING: Couldn't compute FAST_CWD pointer.  Please report this problem to
the public mailing list cygwin@cygwin.com
    752 [main] uname 31188 find_fast_cwd: WARNING: Couldn't compute FAST_CWD pointer.  Please report this problem to
the public mailing list cygwin@cygwin.com
      4 [main] sh 41772 find_fast_cwd: WARNING: Couldn't compute FAST_CWD pointer.  Please report this problem to
the public mailing list cygwin@cygwin.com
Info: (media.elf) 20 KBytes program size (code + initialized data).
Info:             131045 KBytes free for stack + heap.
      4 [main] echo 39804 find_fast_cwd: WARNING: Couldn't compute FAST_CWD pointer.  Please report this problem to
the public mailing list cygwin@cygwin.com
Info: Creating media.objdump
nios2-elf-objdump --disassemble --syms --all-header --source media.elf >media.objdump
     47 [main] sh 27264 find_fast_cwd: WARNING: Couldn't compute FAST_CWD pointer.  Please report this problem to
the public mailing list cygwin@cygwin.com
      4 [main] sh 39148 find_fast_cwd: WARNING: Couldn't compute FAST_CWD pointer.  Please report this problem to
the public mailing list cygwin@cygwin.com
[media build complete]

**** Build Finished ****

**** Build of configuration Nios II for project media_bsp ****

make all 
      4 [main] pwd 41824 find_fast_cwd: WARNING: Couldn't compute FAST_CWD pointer.  Please report this problem to
the public mailing list cygwin@cygwin.com
      4 [main] sh 9444 find_fast_cwd: WARNING: Couldn't compute FAST_CWD pointer.  Please report this problem to
the public mailing list cygwin@cygwin.com
      4 [main] sh 10532 find_fast_cwd: WARNING: Couldn't compute FAST_CWD pointer.  Please report this problem to
the public mailing list cygwin@cygwin.com
[BSP build complete]

**** Build Finished ****

**** Build of configuration Nios II for project media ****

make all 
      4 [main] sh 40808 find_fast_cwd: WARNING: Couldn't compute FAST_CWD pointer.  Please report this problem to
the public mailing list cygwin@cygwin.com
      4 [main] sh 38448 find_fast_cwd: WARNING: Couldn't compute FAST_CWD pointer.  Please report this problem to
the public mailing list cygwin@cygwin.com
     18 [main] echo 39840 find_fast_cwd: WARNING: Couldn't compute FAST_CWD pointer.  Please report this problem to
the public mailing list cygwin@cygwin.com
Info: Building ../media_bsp/
make --no-print-directory -C ../media_bsp/
      3 [main] pwd 44832 find_fast_cwd: WARNING: Couldn't compute FAST_CWD pointer.  Please report this problem to
the public mailing list cygwin@cygwin.com
      4 [main] sh 43360 find_fast_cwd: WARNING: Couldn't compute FAST_CWD pointer.  Please report this problem to
the public mailing list cygwin@cygwin.com
      4 [main] sh 39432 find_fast_cwd: WARNING: Couldn't compute FAST_CWD pointer.  Please report this problem to
the public mailing list cygwin@cygwin.com
[BSP build complete]
      4 [main] echo 43796 find_fast_cwd: WARNING: Couldn't compute FAST_CWD pointer.  Please report this problem to
the public mailing list cygwin@cygwin.com
Info: Compiling media.c to obj/default/media.o
      4 [main] mkdir 18936 find_fast_cwd: WARNING: Couldn't compute FAST_CWD pointer.  Please report this problem to
the public mailing list cygwin@cygwin.com
nios2-elf-gcc -xc -MP -MMD -c -I../media_bsp//HAL/inc -I../media_bsp/ -I../media_bsp//drivers/inc  -DSYSTEM_BUS_WIDTH=32 -pipe -D__hal__ -DALT_NO_INSTRUCTION_EMULATION -DALT_SINGLE_THREADED    -O0 -g -Wall   -EL -mhw-div -mcustom-fpu-cfg=60-2 -mhw-mul -mno-hw-mulx  -o obj/default/media.o media.c
      3 [main] true 43264 find_fast_cwd: WARNING: Couldn't compute FAST_CWD pointer.  Please report this problem to
the public mailing list cygwin@cygwin.com
      4 [main] echo 37496 find_fast_cwd: WARNING: Couldn't compute FAST_CWD pointer.  Please report this problem to
the public mailing list cygwin@cygwin.com
Info: Linking media.elf
nios2-elf-g++  -T'../media_bsp//linker.x' -msys-crt0='../media_bsp//obj/HAL/src/crt0.o' -msys-lib=hal_bsp -L../media_bsp/  -mcustom-fpu-cfg=60-2  -Wl,-Map=media.map   -O0 -g -Wall   -EL -mhw-div -mcustom-fpu-cfg=60-2 -mhw-mul -mno-hw-mulx  -o media.elf obj/default/media.o -lm 
nios2-elf-insert media.elf --thread_model hal --cpu_name CPU --qsys true --simulation_enabled false --id 0 --sidp 0x10002020 --timestamp 1523017966 --stderr_dev JTAG_UART --stdin_dev JTAG_UART --stdout_dev JTAG_UART --sopc_system_name nios_system --quartus_project_dir "D:/MyDocs/altera/de2_115_media_computer_13.0" --jdi D:/MyDocs/altera/de2_115_media_computer_13.0/de2_media_computer.jdi --sopcinfo D:/MyDocs/altera/de2_115_media_computer_13.0/nios_system.sopcinfo
      3 [main] sh 31868 find_fast_cwd: WARNING: Couldn't compute FAST_CWD pointer.  Please report this problem to
the public mailing list cygwin@cygwin.com
      4 [main] uname 32588 find_fast_cwd: WARNING: Couldn't compute FAST_CWD pointer.  Please report this problem to
the public mailing list cygwin@cygwin.com
      4 [main] sh 40540 find_fast_cwd: WARNING: Couldn't compute FAST_CWD pointer.  Please report this problem to
the public mailing list cygwin@cygwin.com
Info: (media.elf) 20 KBytes program size (code + initialized data).
Info:             131045 KBytes free for stack + heap.
      4 [main] echo 33292 find_fast_cwd: WARNING: Couldn't compute FAST_CWD pointer.  Please report this problem to
the public mailing list cygwin@cygwin.com
Info: Creating media.objdump
nios2-elf-objdump --disassemble --syms --all-header --source media.elf >media.objdump
      5 [main] sh 44988 find_fast_cwd: WARNING: Couldn't compute FAST_CWD pointer.  Please report this problem to
the public mailing list cygwin@cygwin.com
      4 [main] sh 41968 find_fast_cwd: WARNING: Couldn't compute FAST_CWD pointer.  Please report this problem to
the public mailing list cygwin@cygwin.com
[media build complete]

**** Build Finished ****

**** Build of configuration Nios II for project media_bsp ****

make all 
      4 [main] pwd 40656 find_fast_cwd: WARNING: Couldn't compute FAST_CWD pointer.  Please report this problem to
the public mailing list cygwin@cygwin.com
      4 [main] sh 44480 find_fast_cwd: WARNING: Couldn't compute FAST_CWD pointer.  Please report this problem to
the public mailing list cygwin@cygwin.com
      4 [main] sh 44832 find_fast_cwd: WARNING: Couldn't compute FAST_CWD pointer.  Please report this problem to
the public mailing list cygwin@cygwin.com
[BSP build complete]

**** Build Finished ****

**** Build of configuration Nios II for project media ****

make all 
      4 [main] sh 44292 find_fast_cwd: WARNING: Couldn't compute FAST_CWD pointer.  Please report this problem to
the public mailing list cygwin@cygwin.com
      4 [main] sh 44064 find_fast_cwd: WARNING: Couldn't compute FAST_CWD pointer.  Please report this problem to
the public mailing list cygwin@cygwin.com
      4 [main] echo 44768 find_fast_cwd: WARNING: Couldn't compute FAST_CWD pointer.  Please report this problem to
the public mailing list cygwin@cygwin.com
Info: Building ../media_bsp/
make --no-print-directory -C ../media_bsp/
      4 [main] pwd 41728 find_fast_cwd: WARNING: Couldn't compute FAST_CWD pointer.  Please report this problem to
the public mailing list cygwin@cygwin.com
      4 [main] sh 44940 find_fast_cwd: WARNING: Couldn't compute FAST_CWD pointer.  Please report this problem to
the public mailing list cygwin@cygwin.com
      3 [main] sh 43120 find_fast_cwd: WARNING: Couldn't compute FAST_CWD pointer.  Please report this problem to
the public mailing list cygwin@cygwin.com
[BSP build complete]
      4 [main] true 43552 find_fast_cwd: WARNING: Couldn't compute FAST_CWD pointer.  Please report this problem to
the public mailing list cygwin@cygwin.com
      4 [main] sh 38196 find_fast_cwd: WARNING: Couldn't compute FAST_CWD pointer.  Please report this problem to
the public mailing list cygwin@cygwin.com
[media build complete]

**** Build Finished ****
